#
# A fatal error has been detected by the Java Runtime Environment:
#
#  EXCEPTION_ACCESS_VIOLATION (0xc0000005) at pc=0x000000005c8f3d60, pid=3796, tid=0x0000000000001e38
#
# JRE version: OpenJDK Runtime Environment (8.0_202-b03) (build 1.8.0_202-release-1483-b03)
# Java VM: OpenJDK 64-Bit Server VM (25.202-b03 mixed mode windows-amd64 compressed oops)
# Problematic frame:
# V  [jvm.dll+0x433d60]
#
# Failed to write core dump. Minidumps are not enabled by default on client versions of Windows
#
# If you would like to submit a bug report, please visit:
#   http://bugreport.java.com/bugreport/crash.jsp
#

---------------  T H R E A D  ---------------

Current thread (0x0000000016bfd000):  JavaThread "C2 CompilerThread1" daemon [_thread_in_native, id=7736, stack(0x0000000018350000,0x0000000018450000)]

siginfo: ExceptionCode=0xc0000005, reading address 0x0000000000000028

Registers:
RAX=0x0000000018fbf010, RBX=0x000000001d18d140, RCX=0x0000000000000000, RDX=0x0000000000000000
RSP=0x000000001844bf90, RBP=0x000000005cc8c228, RSI=0x000000001aaf1768, RDI=0x000000001db5c090
R8 =0x00000000ffffffff, R9 =0x0000000000000001, R10=0x0000000000000000, R11=0x0000000000000000
R12=0x000000001844c3a0, R13=0x0000000000000000, R14=0x0000000000000018, R15=0x0000000000000003
RIP=0x000000005c8f3d60, EFLAGS=0x0000000000010283

Top of Stack: (sp=0x000000001844bf90)
0x000000001844bf90:   000000001d18d140 000000001aaf1768
0x000000001844bfa0:   000000001db5c090 ffffffffffffffff
0x000000001844bfb0:   2000000100000035 000000001db5c090
0x000000001844bfc0:   0000000000000068 0000000000000035
0x000000001844bfd0:   0000000000000000 0000000000000000
0x000000001844bfe0:   000000001844c0b0 00000000000003d8
0x000000001844bff0:   000000001a7e9088 000000001a7e8cb0
0x000000001844c000:   000000001844c130 0000000000000000
0x000000001844c010:   000000001844c3a0 000000001a7e8ca0
0x000000001844c020:   000000001844c4b0 000000005c8f6d69
0x000000001844c030:   000000001844c3a0 000000001844c101
0x000000001844c040:   00000000ffffffff 000000000000000d
0x000000001844c050:   0000000000000006 000000001a7e8ca0
0x000000001844c060:   000000001d15dfd0 000000001d19da60
0x000000001844c070:   000000001d19da60 000000000009ad58
0x000000001844c080:   0000000000000006 000000001a7e9480 

Instructions: (pc=0x000000005c8f3d60)
0x000000005c8f3d40:   83 0d 02 00 00 49 c1 e6 03 0f 1f 80 00 00 00 00
0x000000005c8f3d50:   48 8b 46 08 49 8b 0c 06 49 8b 84 24 28 01 00 00
0x000000005c8f3d60:   48 63 51 28 8b 1c 90 85 db 0f 84 c0 01 00 00 45
0x000000005c8f3d70:   84 c9 74 11 45 3b c7 75 0c 48 8b 06 48 8b ce ff 


Register to memory mapping:

RAX=0x0000000018fbf010 is an unknown value
RBX=0x000000001d18d140 is an unknown value
RCX=0x0000000000000000 is an unknown value
RDX=0x0000000000000000 is an unknown value
RSP=0x000000001844bf90 is pointing into the stack for thread: 0x0000000016bfd000
RBP=0x000000005cc8c228 is an unknown value
RSI=0x000000001aaf1768 is an unknown value
RDI=0x000000001db5c090 is an unknown value
R8 =0x00000000ffffffff is an unallocated location in the heap
R9 =0x0000000000000001 is an unknown value
R10=0x0000000000000000 is an unknown value
R11=0x0000000000000000 is an unknown value
R12=0x000000001844c3a0 is pointing into the stack for thread: 0x0000000016bfd000
R13=0x0000000000000000 is an unknown value
R14=0x0000000000000018 is an unknown value
R15=0x0000000000000003 is an unknown value


Stack: [0x0000000018350000,0x0000000018450000],  sp=0x000000001844bf90,  free space=1007k
Native frames: (J=compiled Java code, j=interpreted, Vv=VM code, C=native code)
V  [jvm.dll+0x433d60]
V  [jvm.dll+0x436d69]
V  [jvm.dll+0x4419bb]
V  [jvm.dll+0x4442b8]
V  [jvm.dll+0x4273d2]
V  [jvm.dll+0x8215f]
V  [jvm.dll+0x82abf]
V  [jvm.dll+0x21db7f]
V  [jvm.dll+0x26f5ba]
C  [msvcr100.dll+0x21d9f]
C  [msvcr100.dll+0x21e3b]
C  [KERNEL32.DLL+0x17974]
C  [ntdll.dll+0x6a271]


Current CompileTask:
C2:4596285 18086       4       com.android.dx.merge.DexMerger::transformDebugInfoItem (313 bytes)


---------------  P R O C E S S  ---------------

Java Threads: ( => current thread )
  0x00000000242a5800 JavaThread "ForkJoinPool.commonPool-worker-2" daemon [_thread_blocked, id=7936, stack(0x000000002f2f0000,0x000000002f3f0000)]
  0x00000000242a5000 JavaThread "ForkJoinPool.commonPool-worker-1" daemon [_thread_blocked, id=12948, stack(0x000000002f1f0000,0x000000002f2f0000)]
  0x000000001b1af000 JavaThread "ForkJoinPool.commonPool-worker-0" daemon [_thread_in_Java, id=5184, stack(0x000000002f0f0000,0x000000002f1f0000)]
  0x000000001b1b3800 JavaThread "Cache worker for Java compile cache (C:\Users\Piyush\Desktop\Army 8-4-19 kaif\QuizSource\quizapp\TrivialTrivia\.gradle\4.1\javaCompile)" [_thread_blocked, id=6280, stack(0x000000002eff0000,0x000000002f0f0000)]
  0x000000001deae000 JavaThread "Task worker for ':' Thread 3" [_thread_blocked, id=10060, stack(0x000000002d4f0000,0x000000002d5f0000)]
  0x000000001deb5000 JavaThread "Task worker for ':' Thread 2" [_thread_blocked, id=6888, stack(0x000000002d3f0000,0x000000002d4f0000)]
  0x000000001deb3800 JavaThread "Task worker for ':'" [_thread_blocked, id=12524, stack(0x000000002d2f0000,0x000000002d3f0000)]
  0x000000001deb2800 JavaThread "Cache worker for task history cache (C:\Users\Piyush\Desktop\Army 8-4-19 kaif\QuizSource\quizapp\TrivialTrivia\.gradle\4.1\taskHistory)" [_thread_blocked, id=13864, stack(0x000000002d1f0000,0x000000002d2f0000)]
  0x000000001deb0800 JavaThread "Cache worker for file content cache (C:\Users\Piyush\Desktop\Army 8-4-19 kaif\QuizSource\quizapp\TrivialTrivia\.gradle\4.1\fileContent)" [_thread_blocked, id=11992, stack(0x000000002d0f0000,0x000000002d1f0000)]
  0x000000001deb2000 JavaThread "build operations Thread 4" [_thread_blocked, id=10980, stack(0x000000002cff0000,0x000000002d0f0000)]
  0x000000001deb4000 JavaThread "build operations Thread 3" [_thread_blocked, id=1728, stack(0x000000002cef0000,0x000000002cff0000)]
  0x000000001dea6800 JavaThread "build operations Thread 2" [_thread_blocked, id=8340, stack(0x000000002cdf0000,0x000000002cef0000)]
  0x000000001dea9000 JavaThread "build operations" [_thread_blocked, id=692, stack(0x000000002ccf0000,0x000000002cdf0000)]
  0x000000001dead800 JavaThread "Cache worker for Artifact transforms cache (C:\Users\Piyush\.gradle\caches\transforms-1)" [_thread_blocked, id=12648, stack(0x000000002cbf0000,0x000000002ccf0000)]
  0x000000001dea6000 JavaThread "Cache worker for file hash cache (C:\Users\Piyush\Desktop\Army 8-4-19 kaif\QuizSource\quizapp\TrivialTrivia\.gradle\4.1\fileHashes)" [_thread_blocked, id=13624, stack(0x000000002caf0000,0x000000002cbf0000)]
  0x000000001dea8000 JavaThread "Stdin handler" [_thread_blocked, id=5364, stack(0x000000002c9f0000,0x000000002caf0000)]
  0x000000001deab000 JavaThread "Asynchronous log dispatcher for DefaultDaemonConnection: socket connection from /127.0.0.1:61866 to /127.0.0.1:64427" [_thread_blocked, id=9384, stack(0x000000002c8f0000,0x000000002c9f0000)]
  0x000000001deac800 JavaThread "Daemon worker Thread 6" [_thread_blocked, id=10832, stack(0x000000002c7f0000,0x000000002c8f0000)]
  0x000000001deac000 JavaThread "Cancel handler" [_thread_blocked, id=12712, stack(0x000000002c6f0000,0x000000002c7f0000)]
  0x000000001dea7800 JavaThread "Handler for socket connection from /127.0.0.1:61866 to /127.0.0.1:64427" [_thread_in_native, id=4884, stack(0x000000002c5f0000,0x000000002c6f0000)]
  0x000000001dea9800 JavaThread "Daemon Thread 6" [_thread_blocked, id=12080, stack(0x000000002c4f0000,0x000000002c5f0000)]
  0x000000001b1b6000 JavaThread "Memory manager" [_thread_blocked, id=10956, stack(0x00000000210d0000,0x00000000211d0000)]
  0x000000001b1b5000 JavaThread "pool-1-thread-1" [_thread_blocked, id=7060, stack(0x0000000020fd0000,0x00000000210d0000)]
  0x000000001a319000 JavaThread "File lock request listener" [_thread_in_native, id=4708, stack(0x000000001d480000,0x000000001d580000)]
  0x000000001a60f000 JavaThread "Cache worker for file hash cache (C:\Users\Piyush\.gradle\caches\4.1\fileHashes)" [_thread_blocked, id=1284, stack(0x000000001c3a0000,0x000000001c4a0000)]
  0x00000000194b1800 JavaThread "Daemon periodic checks" [_thread_blocked, id=6100, stack(0x000000001bba0000,0x000000001bca0000)]
  0x0000000019b3d800 JavaThread "Incoming local TCP Connector on port 61866" [_thread_in_native, id=8644, stack(0x000000001a320000,0x000000001a420000)]
  0x0000000018580800 JavaThread "Service Thread" daemon [_thread_blocked, id=9276, stack(0x0000000018950000,0x0000000018a50000)]
  0x0000000016c02800 JavaThread "C1 CompilerThread2" daemon [_thread_blocked, id=516, stack(0x0000000018450000,0x0000000018550000)]
=>0x0000000016bfd000 JavaThread "C2 CompilerThread1" daemon [_thread_in_native, id=7736, stack(0x0000000018350000,0x0000000018450000)]
  0x0000000016c07000 JavaThread "C2 CompilerThread0" daemon [_thread_in_native, id=10396, stack(0x0000000018250000,0x0000000018350000)]
  0x0000000016c05800 JavaThread "Attach Listener" daemon [_thread_blocked, id=10708, stack(0x0000000018150000,0x0000000018250000)]
  0x0000000016c04000 JavaThread "Signal Dispatcher" daemon [_thread_blocked, id=3064, stack(0x0000000018050000,0x0000000018150000)]
  0x000000000328b000 JavaThread "Finalizer" daemon [_thread_blocked, id=740, stack(0x0000000017e50000,0x0000000017f50000)]
  0x0000000016be9000 JavaThread "Reference Handler" daemon [_thread_blocked, id=5544, stack(0x0000000017d50000,0x0000000017e50000)]
  0x000000000308e000 JavaThread "main" [_thread_blocked, id=9776, stack(0x0000000003090000,0x0000000003190000)]

Other Threads:
  0x0000000016bc6000 VMThread [stack: 0x0000000017c50000,0x0000000017d50000] [id=11204]
  0x0000000016c5c000 WatcherThread [stack: 0x0000000018a50000,0x0000000018b50000] [id=10612]

VM state:not at safepoint (normal execution)

VM Mutex/Monitor currently owned by a thread: None

heap address: 0x00000000a0000000, size: 1536 MB, Compressed Oops mode: 32-bit
Narrow klass base: 0x0000000000000000, Narrow klass shift: 3
Compressed class space size: 1073741824 Address: 0x0000000100000000

Heap:
 PSYoungGen      total 463872K, used 169091K [0x00000000e0000000, 0x00000000fe280000, 0x0000000100000000)
  eden space 443392K, 33% used [0x00000000e0000000,0x00000000e921b7b8,0x00000000fb100000)
  from space 20480K, 95% used [0x00000000fc880000,0x00000000fdb856e8,0x00000000fdc80000)
  to   space 24064K, 0% used [0x00000000fb100000,0x00000000fb100000,0x00000000fc880000)
 ParOldGen       total 157184K, used 81529K [0x00000000a0000000, 0x00000000a9980000, 0x00000000e0000000)
  object space 157184K, 51% used [0x00000000a0000000,0x00000000a4f9e4a8,0x00000000a9980000)
 Metaspace       used 74403K, capacity 77736K, committed 77912K, reserved 1118208K
  class space    used 9298K, capacity 9985K, committed 10112K, reserved 1048576K

Card table byte_map: [0x0000000012650000,0x0000000012960000] byte_map_base: 0x0000000012150000

Marking Bits: (ParMarkBitMap*) 0x000000005cc89f30
 Begin Bits: [0x0000000012f60000, 0x0000000014760000)
 End Bits:   [0x0000000014760000, 0x0000000015f60000)

Polling page: 0x00000000013d0000

CodeCache: size=245760Kb used=50564Kb max_used=50774Kb free=195195Kb
 bounds [0x0000000003290000, 0x0000000006470000, 0x0000000012290000]
 total_blobs=15315 nmethods=14477 adapters=750
 compilation: enabled

Compilation events (10 events):
Event: 4596.212 Thread 0x0000000016c07000 nmethod 18137 0x0000000005d42010 code [0x0000000005d42140, 0x0000000005d421b8]
Event: 4596.212 Thread 0x0000000016c07000 18141       4       com.android.dex.Code::<init> (44 bytes)
Event: 4596.213 Thread 0x0000000016c07000 nmethod 18141 0x00000000060a7b10 code [0x00000000060a7c40, 0x00000000060a7cd8]
Event: 4596.213 Thread 0x0000000016c07000 18116       4       com.android.dex.Dex$Section::write (33 bytes)
Event: 4596.217 Thread 0x0000000016c02800 18144       1       com.android.dx.io.instructions.SparseSwitchPayloadDecodedInstruction::getKeys (5 bytes)
Event: 4596.218 Thread 0x0000000016c02800 nmethod 18144 0x0000000005e37ed0 code [0x0000000005e38020, 0x0000000005e38130]
Event: 4596.218 Thread 0x0000000016c02800 18145       1       com.android.dx.io.instructions.SparseSwitchPayloadDecodedInstruction::getTargets (5 bytes)
Event: 4596.218 Thread 0x0000000016c02800 nmethod 18145 0x0000000005e36710 code [0x0000000005e36860, 0x0000000005e36970]
Event: 4596.218 Thread 0x0000000016c07000 nmethod 18116 0x0000000005e35f50 code [0x0000000005e360a0, 0x0000000005e364b8]
Event: 4596.218 Thread 0x0000000016c07000 18121       4       com.android.dex.Dex$Section::readCode (136 bytes)

GC Heap History (10 events):
Event: 3591.280 GC heap before
{Heap before GC invocations=29 (full 3):
 PSYoungGen      total 233472K, used 210560K [0x00000000e0000000, 0x00000000f3600000, 0x0000000100000000)
  eden space 210432K, 100% used [0x00000000e0000000,0x00000000ecd80000,0x00000000ecd80000)
  from space 23040K, 0% used [0x00000000ecd80000,0x00000000ecda0000,0x00000000ee400000)
  to   space 23040K, 0% used [0x00000000f1f80000,0x00000000f1f80000,0x00000000f3600000)
 ParOldGen       total 157184K, used 67614K [0x00000000a0000000, 0x00000000a9980000, 0x00000000e0000000)
  object space 157184K, 43% used [0x00000000a0000000,0x00000000a42079e8,0x00000000a9980000)
 Metaspace       used 64028K, capacity 67000K, committed 67288K, reserved 1107968K
  class space    used 8260K, capacity 8871K, committed 8960K, reserved 1048576K
Event: 3591.287 GC heap after
Heap after GC invocations=29 (full 3):
 PSYoungGen      total 290304K, used 4919K [0x00000000e0000000, 0x00000000f3300000, 0x0000000100000000)
  eden space 270336K, 0% used [0x00000000e0000000,0x00000000e0000000,0x00000000f0800000)
  from space 19968K, 24% used [0x00000000f1f80000,0x00000000f244dd90,0x00000000f3300000)
  to   space 22016K, 0% used [0x00000000f0800000,0x00000000f0800000,0x00000000f1d80000)
 ParOldGen       total 157184K, used 67638K [0x00000000a0000000, 0x00000000a9980000, 0x00000000e0000000)
  object space 157184K, 43% used [0x00000000a0000000,0x00000000a420d9e8,0x00000000a9980000)
 Metaspace       used 64028K, capacity 67000K, committed 67288K, reserved 1107968K
  class space    used 8260K, capacity 8871K, committed 8960K, reserved 1048576K
}
Event: 3596.037 GC heap before
{Heap before GC invocations=30 (full 3):
 PSYoungGen      total 290304K, used 274839K [0x00000000e0000000, 0x00000000f3300000, 0x0000000100000000)
  eden space 270336K, 99% used [0x00000000e0000000,0x00000000f0797fa8,0x00000000f0800000)
  from space 19968K, 24% used [0x00000000f1f80000,0x00000000f244dd90,0x00000000f3300000)
  to   space 22016K, 0% used [0x00000000f0800000,0x00000000f0800000,0x00000000f1d80000)
 ParOldGen       total 157184K, used 67638K [0x00000000a0000000, 0x00000000a9980000, 0x00000000e0000000)
  object space 157184K, 43% used [0x00000000a0000000,0x00000000a420d9e8,0x00000000a9980000)
 Metaspace       used 64106K, capacity 67052K, committed 67288K, reserved 1107968K
  class space    used 8266K, capacity 8879K, committed 8960K, reserved 1048576K
Event: 3596.066 GC heap after
Heap after GC invocations=30 (full 3):
 PSYoungGen      total 292352K, used 11805K [0x00000000e0000000, 0x00000000f7d00000, 0x0000000100000000)
  eden space 270336K, 0% used [0x00000000e0000000,0x00000000e0000000,0x00000000f0800000)
  from space 22016K, 53% used [0x00000000f0800000,0x00000000f1387770,0x00000000f1d80000)
  to   space 22016K, 0% used [0x00000000f6780000,0x00000000f6780000,0x00000000f7d00000)
 ParOldGen       total 157184K, used 72065K [0x00000000a0000000, 0x00000000a9980000, 0x00000000e0000000)
  object space 157184K, 45% used [0x00000000a0000000,0x00000000a46607e8,0x00000000a9980000)
 Metaspace       used 64106K, capacity 67052K, committed 67288K, reserved 1107968K
  class space    used 8266K, capacity 8879K, committed 8960K, reserved 1048576K
}
Event: 3596.143 GC heap before
{Heap before GC invocations=31 (full 3):
 PSYoungGen      total 292352K, used 281929K [0x00000000e0000000, 0x00000000f7d00000, 0x0000000100000000)
  eden space 270336K, 99% used [0x00000000e0000000,0x00000000f07cadc8,0x00000000f0800000)
  from space 22016K, 53% used [0x00000000f0800000,0x00000000f1387770,0x00000000f1d80000)
  to   space 22016K, 0% used [0x00000000f6780000,0x00000000f6780000,0x00000000f7d00000)
 ParOldGen       total 157184K, used 72065K [0x00000000a0000000, 0x00000000a9980000, 0x00000000e0000000)
  object space 157184K, 45% used [0x00000000a0000000,0x00000000a46607e8,0x00000000a9980000)
 Metaspace       used 64106K, capacity 67052K, committed 67288K, reserved 1107968K
  class space    used 8266K, capacity 8879K, committed 8960K, reserved 1048576K
Event: 3596.249 GC heap after
Heap after GC invocations=31 (full 3):
 PSYoungGen      total 368128K, used 32K [0x00000000e0000000, 0x00000000f8100000, 0x0000000100000000)
  eden space 346112K, 0% used [0x00000000e0000000,0x00000000e0000000,0x00000000f5200000)
  from space 22016K, 0% used [0x00000000f6780000,0x00000000f6788000,0x00000000f7d00000)
  to   space 22016K, 0% used [0x00000000f5200000,0x00000000f5200000,0x00000000f6780000)
 ParOldGen       total 157184K, used 76531K [0x00000000a0000000, 0x00000000a9980000, 0x00000000e0000000)
  object space 157184K, 48% used [0x00000000a0000000,0x00000000a4abce80,0x00000000a9980000)
 Metaspace       used 64106K, capacity 67052K, committed 67288K, reserved 1107968K
  class space    used 8266K, capacity 8879K, committed 8960K, reserved 1048576K
}
Event: 4567.711 GC heap before
{Heap before GC invocations=32 (full 3):
 PSYoungGen      total 368128K, used 346144K [0x00000000e0000000, 0x00000000f8100000, 0x0000000100000000)
  eden space 346112K, 100% used [0x00000000e0000000,0x00000000f5200000,0x00000000f5200000)
  from space 22016K, 0% used [0x00000000f6780000,0x00000000f6788000,0x00000000f7d00000)
  to   space 22016K, 0% used [0x00000000f5200000,0x00000000f5200000,0x00000000f6780000)
 ParOldGen       total 157184K, used 76531K [0x00000000a0000000, 0x00000000a9980000, 0x00000000e0000000)
  object space 157184K, 48% used [0x00000000a0000000,0x00000000a4abce80,0x00000000a9980000)
 Metaspace       used 64604K, capacity 67832K, committed 68184K, reserved 1107968K
  class space    used 8313K, capacity 8981K, committed 9088K, reserved 1048576K
Event: 4567.732 GC heap after
Heap after GC invocations=32 (full 3):
 PSYoungGen      total 368128K, used 5597K [0x00000000e0000000, 0x00000000fdc80000, 0x0000000100000000)
  eden space 346112K, 0% used [0x00000000e0000000,0x00000000e0000000,0x00000000f5200000)
  from space 22016K, 25% used [0x00000000f5200000,0x00000000f5777520,0x00000000f6780000)
  to   space 20480K, 0% used [0x00000000fc880000,0x00000000fc880000,0x00000000fdc80000)
 ParOldGen       total 157184K, used 76571K [0x00000000a0000000, 0x00000000a9980000, 0x00000000e0000000)
  object space 157184K, 48% used [0x00000000a0000000,0x00000000a4ac6e80,0x00000000a9980000)
 Metaspace       used 64604K, capacity 67832K, committed 68184K, reserved 1107968K
  class space    used 8313K, capacity 8981K, committed 9088K, reserved 1048576K
}
Event: 4583.884 GC heap before
{Heap before GC invocations=33 (full 3):
 PSYoungGen      total 368128K, used 351709K [0x00000000e0000000, 0x00000000fdc80000, 0x0000000100000000)
  eden space 346112K, 100% used [0x00000000e0000000,0x00000000f5200000,0x00000000f5200000)
  from space 22016K, 25% used [0x00000000f5200000,0x00000000f5777520,0x00000000f6780000)
  to   space 20480K, 0% used [0x00000000fc880000,0x00000000fc880000,0x00000000fdc80000)
 ParOldGen       total 157184K, used 76571K [0x00000000a0000000, 0x00000000a9980000, 0x00000000e0000000)
  object space 157184K, 48% used [0x00000000a0000000,0x00000000a4ac6e80,0x00000000a9980000)
 Metaspace       used 73592K, capacity 76896K, committed 77016K, reserved 1116160K
  class space    used 9205K, capacity 9877K, committed 9984K, reserved 1048576K
Event: 4583.913 GC heap after
Heap after GC invocations=33 (full 3):
 PSYoungGen      total 463872K, used 19477K [0x00000000e0000000, 0x00000000fe280000, 0x0000000100000000)
  eden space 443392K, 0% used [0x00000000e0000000,0x00000000e0000000,0x00000000fb100000)
  from space 20480K, 95% used [0x00000000fc880000,0x00000000fdb856e8,0x00000000fdc80000)
  to   space 24064K, 0% used [0x00000000fb100000,0x00000000fb100000,0x00000000fc880000)
 ParOldGen       total 157184K, used 81529K [0x00000000a0000000, 0x00000000a9980000, 0x00000000e0000000)
  object space 157184K, 51% used [0x00000000a0000000,0x00000000a4f9e4a8,0x00000000a9980000)
 Metaspace       used 73592K, capacity 76896K, committed 77016K, reserved 1116160K
  class space    used 9205K, capacity 9877K, committed 9984K, reserved 1048576K
}

Deoptimization events (10 events):
Event: 4595.890 Thread 0x000000001b1af000 Uncommon trap: reason=class_check action=maybe_recompile pc=0x000000000632f260 method=com.android.dx.merge.DexMerger$IdMerger$UnsortedValue.compareTo(Lcom/android/dx/merge/DexMerger$IdMerger$UnsortedValue;)I @ 8
Event: 4595.890 Thread 0x000000001b1af000 Uncommon trap: reason=class_check action=maybe_recompile pc=0x000000000632f260 method=com.android.dx.merge.DexMerger$IdMerger$UnsortedValue.compareTo(Lcom/android/dx/merge/DexMerger$IdMerger$UnsortedValue;)I @ 8
Event: 4595.890 Thread 0x000000001b1af000 Uncommon trap: reason=class_check action=maybe_recompile pc=0x000000000632f260 method=com.android.dx.merge.DexMerger$IdMerger$UnsortedValue.compareTo(Lcom/android/dx/merge/DexMerger$IdMerger$UnsortedValue;)I @ 8
Event: 4595.891 Thread 0x000000001b1af000 Uncommon trap: reason=class_check action=maybe_recompile pc=0x000000000632f260 method=com.android.dx.merge.DexMerger$IdMerger$UnsortedValue.compareTo(Lcom/android/dx/merge/DexMerger$IdMerger$UnsortedValue;)I @ 8
Event: 4595.891 Thread 0x000000001b1af000 Uncommon trap: reason=class_check action=maybe_recompile pc=0x0000000005c1043c method=com.android.dx.merge.DexMerger$IdMerger$UnsortedValue.compareTo(Lcom/android/dx/merge/DexMerger$IdMerger$UnsortedValue;)I @ 8
Event: 4595.962 Thread 0x000000001b1af000 Uncommon trap: reason=unstable_if action=reinterpret pc=0x0000000005d88420 method=com.android.dex.EncodedValueCodec.readUnsignedInt(Lcom/android/dex/util/ByteInput;IZ)I @ 3
Event: 4595.984 Thread 0x000000001b1af000 Uncommon trap: reason=null_check action=make_not_entrant pc=0x0000000005396af0 method=java.util.TimSort.binarySort([Ljava/lang/Object;IIILjava/util/Comparator;)V @ 215
Event: 4595.985 Thread 0x000000001b1af000 Uncommon trap: reason=null_check action=make_not_entrant pc=0x0000000004abcb5c method=java.util.TimSort.binarySort([Ljava/lang/Object;IIILjava/util/Comparator;)V @ 215
Event: 4595.986 Thread 0x000000001b1af000 Uncommon trap: reason=unstable_if action=reinterpret pc=0x0000000004550e30 method=java.util.Arrays$ArrayList.indexOf(Ljava/lang/Object;)I @ 6
Event: 4596.012 Thread 0x000000001b1af000 Uncommon trap: reason=unstable_if action=reinterpret pc=0x0000000005de9f34 method=com.android.dx.merge.IndexMap.adjustString(I)I @ 2

Classes redefined (0 events):
No events

Internal exceptions (10 events):
Event: 4583.438 Thread 0x00000000242a5000 Exception <a 'sun/nio/fs/WindowsException'> (0x00000000f4526cf8) thrown at [D:\src\AOSP-openjdk-cygwin\jdk8u\hotspot\src\share\vm\prims\jni.cpp, line 710]
Event: 4583.443 Thread 0x00000000242a5800 Exception <a 'sun/nio/fs/WindowsException'> (0x00000000f481c0f8) thrown at [D:\src\AOSP-openjdk-cygwin\jdk8u\hotspot\src\share\vm\prims\jni.cpp, line 710]
Event: 4583.623 Thread 0x00000000242a5800 Exception <a 'sun/nio/fs/WindowsException'> (0x00000000f482f3e8) thrown at [D:\src\AOSP-openjdk-cygwin\jdk8u\hotspot\src\share\vm\prims\jni.cpp, line 710]
Event: 4583.630 Thread 0x00000000242a5800 Exception <a 'sun/nio/fs/WindowsException'> (0x00000000f4852a38) thrown at [D:\src\AOSP-openjdk-cygwin\jdk8u\hotspot\src\share\vm\prims\jni.cpp, line 710]
Event: 4583.646 Thread 0x00000000242a5800 Exception <a 'sun/nio/fs/WindowsException'> (0x00000000f48b6618) thrown at [D:\src\AOSP-openjdk-cygwin\jdk8u\hotspot\src\share\vm\prims\jni.cpp, line 710]
Event: 4583.725 Thread 0x00000000242a5800 Exception <a 'sun/nio/fs/WindowsException'> (0x00000000f4adbf10) thrown at [D:\src\AOSP-openjdk-cygwin\jdk8u\hotspot\src\share\vm\prims\jni.cpp, line 710]
Event: 4583.735 Thread 0x00000000242a5800 Exception <a 'sun/nio/fs/WindowsException'> (0x00000000f4b43270) thrown at [D:\src\AOSP-openjdk-cygwin\jdk8u\hotspot\src\share\vm\prims\jni.cpp, line 710]
Event: 4595.984 Thread 0x000000001b1af000 Implicit null exception at 0x000000000539526d to 0x0000000005396a95
Event: 4595.985 Thread 0x000000001b1af000 Implicit null exception at 0x0000000004abc6fe to 0x0000000004abcb31
Event: 4595.986 Thread 0x000000001b1af000 Implicit null exception at 0x0000000004550b90 to 0x0000000004550e1d

Events (10 events):
Event: 4596.211 Thread 0x000000001b1af000 DEOPT PACKING pc=0x0000000005ec9646 sp=0x000000002f1ee7d0
Event: 4596.211 Thread 0x000000001b1af000 DEOPT UNPACKING pc=0x00000000032d75d0 sp=0x000000002f1ee4f0 mode 0
Event: 4596.212 Thread 0x000000001b1af000 DEOPT PACKING pc=0x0000000005ec9646 sp=0x000000002f1ee7d0
Event: 4596.212 Thread 0x000000001b1af000 DEOPT UNPACKING pc=0x00000000032d75d0 sp=0x000000002f1ee4f0 mode 0
Event: 4596.213 Thread 0x000000001b1af000 DEOPT PACKING pc=0x0000000005ec9646 sp=0x000000002f1ee7d0
Event: 4596.213 Thread 0x000000001b1af000 DEOPT UNPACKING pc=0x00000000032d75d0 sp=0x000000002f1ee4f0 mode 0
Event: 4596.215 Thread 0x000000001b1af000 DEOPT PACKING pc=0x0000000005ec9646 sp=0x000000002f1ee7d0
Event: 4596.215 Thread 0x000000001b1af000 DEOPT UNPACKING pc=0x00000000032d75d0 sp=0x000000002f1ee4f0 mode 0
Event: 4596.216 Thread 0x000000001b1af000 DEOPT PACKING pc=0x0000000005ec9646 sp=0x000000002f1ee7d0
Event: 4596.216 Thread 0x000000001b1af000 DEOPT UNPACKING pc=0x00000000032d75d0 sp=0x000000002f1ee4f0 mode 0


Dynamic libraries:
0x00007ff7c7c00000 - 0x00007ff7c7c31000 	C:\Program Files\Android\Android Studio1\jre\bin\java.exe
0x00007ffac4780000 - 0x00007ffac496d000 	C:\Windows\SYSTEM32\ntdll.dll
0x00007ffac44d0000 - 0x00007ffac4583000 	C:\Windows\System32\KERNEL32.DLL
0x00007ffac0850000 - 0x00007ffac0ae3000 	C:\Windows\System32\KERNELBASE.dll
0x00007ffac3c70000 - 0x00007ffac3d13000 	C:\Windows\System32\ADVAPI32.dll
0x00007ffac41d0000 - 0x00007ffac426e000 	C:\Windows\System32\msvcrt.dll
0x00007ffac3f50000 - 0x00007ffac3fee000 	C:\Windows\System32\sechost.dll
0x00007ffac3690000 - 0x00007ffac37b2000 	C:\Windows\System32\RPCRT4.dll
0x00007ffac3d90000 - 0x00007ffac3f27000 	C:\Windows\System32\USER32.dll
0x00007ffac0ee0000 - 0x00007ffac0f00000 	C:\Windows\System32\win32u.dll
0x00007ffac37c0000 - 0x00007ffac37e9000 	C:\Windows\System32\GDI32.dll
0x00007ffac0bf0000 - 0x00007ffac0d8a000 	C:\Windows\System32\gdi32full.dll
0x00007ffac0df0000 - 0x00007ffac0e90000 	C:\Windows\System32\msvcp_win.dll
0x00007ffac0af0000 - 0x00007ffac0bea000 	C:\Windows\System32\ucrtbase.dll
0x00007ffab7030000 - 0x00007ffab72a9000 	C:\Windows\WinSxS\amd64_microsoft.windows.common-controls_6595b64144ccf1df_6.0.17763.529_none_05b84068071c8d5a\COMCTL32.dll
0x00007ffac31b0000 - 0x00007ffac34dc000 	C:\Windows\System32\combase.dll
0x00007ffac0f20000 - 0x00007ffac0f9e000 	C:\Windows\System32\bcryptPrimitives.dll
0x00007ffac45f0000 - 0x00007ffac461e000 	C:\Windows\System32\IMM32.DLL
0x000000005c300000 - 0x000000005c3d2000 	C:\Program Files\Android\Android Studio1\jre\jre\bin\msvcr100.dll
0x000000005c4c0000 - 0x000000005cd06000 	C:\Program Files\Android\Android Studio1\jre\jre\bin\server\jvm.dll
0x00007ffac3d80000 - 0x00007ffac3d88000 	C:\Windows\System32\PSAPI.DLL
0x00007ffab19e0000 - 0x00007ffab19e9000 	C:\Windows\SYSTEM32\WSOCK32.dll
0x00007ffabe8b0000 - 0x00007ffabe8d4000 	C:\Windows\SYSTEM32\WINMM.dll
0x00007ffac1a30000 - 0x00007ffac1a9d000 	C:\Windows\System32\WS2_32.dll
0x00007ffabc570000 - 0x00007ffabc57a000 	C:\Windows\SYSTEM32\VERSION.dll
0x00007ffabe880000 - 0x00007ffabe8ad000 	C:\Windows\SYSTEM32\winmmbase.dll
0x00007ffac0e90000 - 0x00007ffac0eda000 	C:\Windows\System32\cfgmgr32.dll
0x00007ffab1930000 - 0x00007ffab193f000 	C:\Program Files\Android\Android Studio1\jre\jre\bin\verify.dll
0x00007ffab11e0000 - 0x00007ffab1209000 	C:\Program Files\Android\Android Studio1\jre\jre\bin\java.dll
0x00007ffab1760000 - 0x00007ffab1776000 	C:\Program Files\Android\Android Studio1\jre\jre\bin\zip.dll
0x00007ffac1b50000 - 0x00007ffac3040000 	C:\Windows\System32\SHELL32.dll
0x00007ffac43a0000 - 0x00007ffac4448000 	C:\Windows\System32\shcore.dll
0x00007ffac1080000 - 0x00007ffac17ca000 	C:\Windows\System32\windows.storage.dll
0x00007ffac0800000 - 0x00007ffac0824000 	C:\Windows\System32\profapi.dll
0x00007ffac07a0000 - 0x00007ffac07fd000 	C:\Windows\System32\powrprof.dll
0x00007ffac4270000 - 0x00007ffac42c2000 	C:\Windows\System32\shlwapi.dll
0x00007ffac0780000 - 0x00007ffac0791000 	C:\Windows\System32\kernel.appcore.dll
0x00007ffac0f00000 - 0x00007ffac0f17000 	C:\Windows\System32\cryptsp.dll
0x00007ffaab990000 - 0x00007ffaab9aa000 	C:\Program Files\Android\Android Studio1\jre\jre\bin\net.dll
0x00007ffac0000000 - 0x00007ffac0067000 	C:\Windows\system32\mswsock.dll
0x00007ffaab970000 - 0x00007ffaab981000 	C:\Program Files\Android\Android Studio1\jre\jre\bin\nio.dll
0x00007ffabe5c0000 - 0x00007ffabe5de000 	C:\Users\Piyush\.gradle\native\25\windows-amd64\native-platform.dll
0x00007ffab11d0000 - 0x00007ffab11dd000 	C:\Program Files\Android\Android Studio1\jre\jre\bin\management.dll
0x00007ffabfbc0000 - 0x00007ffabfbf3000 	C:\Windows\system32\rsaenh.dll
0x00007ffac0fa0000 - 0x00007ffac0fc6000 	C:\Windows\System32\bcrypt.dll
0x00007ffac06b0000 - 0x00007ffac06d8000 	C:\Windows\SYSTEM32\USERENV.dll
0x00007ffac01d0000 - 0x00007ffac01dc000 	C:\Windows\SYSTEM32\CRYPTBASE.dll
0x00007ffabfd60000 - 0x00007ffabfd9d000 	C:\Windows\SYSTEM32\IPHLPAPI.DLL
0x00007ffac4160000 - 0x00007ffac4168000 	C:\Windows\System32\NSI.dll
0x00007ffab7c70000 - 0x00007ffab7c86000 	C:\Windows\SYSTEM32\dhcpcsvc6.DLL
0x00007ffab7c20000 - 0x00007ffab7c3c000 	C:\Windows\SYSTEM32\dhcpcsvc.DLL
0x00007ffabfda0000 - 0x00007ffabfe66000 	C:\Windows\SYSTEM32\DNSAPI.dll
0x00007ffab0320000 - 0x00007ffab050d000 	C:\Windows\SYSTEM32\dbghelp.dll

VM Arguments:
jvm_args: -Xmx1536m -Dfile.encoding=windows-1252 -Duser.country=IN -Duser.language=en -Duser.variant 
java_command: org.gradle.launcher.daemon.bootstrap.GradleDaemon 4.1
java_class_path (initial): C:\Users\Piyush\.gradle\wrapper\dists\gradle-4.1-all\bzyivzo6n839fup2jbap0tjew\gradle-4.1\lib\gradle-launcher-4.1.jar
Launcher Type: SUN_STANDARD

Environment Variables:
PATH=C:\Python27\;C:\Python27\Scripts;C:\Program Files (x86)\Common Files\Oracle\Java\javapath;C:\Program Files (x86)\Intel\Intel(R) Management Engine Components\iCLS\;C:\Program Files\Intel\Intel(R) Management Engine Components\iCLS\;C:\Windows\system32;C:\Windows;C:\Windows\System32\Wbem;C:\Windows\System32\WindowsPowerShell\v1.0\;C:\Windows\System32\OpenSSH\;C:\Program Files (x86)\Intel\Intel(R) Management Engine Components\DAL;C:\Program Files\Intel\Intel(R) Management Engine Components\DAL;C:\Program Files (x86)\Intel\Intel(R) Management Engine Components\IPT;C:\Program Files\Intel\Intel(R) Management Engine Components\IPT;C:\Program Files\Git\cmd;C:\Program Files\nodejs\;C:\ProgramData\chocolatey\bin;C:\Program Files\MySQL\MySQL Shell 8.0\bin\;C:\Users\Piyush\AppData\Roaming\npm
USERNAME=Piyush
OS=Windows_NT
PROCESSOR_IDENTIFIER=Intel64 Family 6 Model 158 Stepping 9, GenuineIntel



---------------  S Y S T E M  ---------------

OS: Windows 10.0 , 64 bit Build 17763 (10.0.17763.475)

CPU:total 4 (initial active 4) (2 cores per cpu, 2 threads per core) family 6 model 158 stepping 9, cmov, cx8, fxsr, mmx, sse, sse2, sse3, ssse3, sse4.1, sse4.2, popcnt, avx, avx2, aes, clmul, erms, 3dnowpref, lzcnt, ht, tsc, tscinvbit, bmi1, bmi2, adx

Memory: 4k page, physical 16743436k(6609572k free), swap 19233804k(6728216k free)

vm_info: OpenJDK 64-Bit Server VM (25.202-b03) for windows-amd64 JRE (1.8.0_202-release-1483-b03), built by "builder" with MS VC++ 10.0 (VS2010)

time: Mon Sep 16 12:54:18 2019
timezone: India Standard Time
elapsed time: 4596 seconds (0d 1h 16m 36s)

