#
# A fatal error has been detected by the Java Runtime Environment:
#
#  EXCEPTION_ACCESS_VIOLATION (0xc0000005) at pc=0x000000006de287d7, pid=2140, tid=0x0000000000000354
#
# JRE version: OpenJDK Runtime Environment (8.0_152-b01) (build 1.8.0_152-release-915-b01)
# Java VM: OpenJDK 64-Bit Server VM (25.152-b01 mixed mode windows-amd64 compressed oops)
# Problematic frame:
# V  [jvm.dll+0x4d87d7]
#
# Failed to write core dump. Minidumps are not enabled by default on client versions of Windows
#
# If you would like to submit a bug report, please visit:
#   http://bugreport.java.com/bugreport/crash.jsp
#

---------------  T H R E A D  ---------------

Current thread (0x00000000561de000):  JavaThread "C2 CompilerThread1" daemon [_thread_in_native, id=852, stack(0x0000000057b50000,0x0000000057c50000)]

siginfo: ExceptionCode=0xc0000005, reading address 0x0000000001000018

Registers:
RAX=0x000000005dab9b20, RBX=0x0000000057c4e918, RCX=0x0000000058d68120, RDX=0x000000006df75f88
RSP=0x0000000057c4b370, RBP=0x0000000000000165, RSI=0x0000000000000001, RDI=0x0000000001000000
R8 =0x0000000000000000, R9 =0x0000000000000000, R10=0x0000000057ef2210, R11=0x0000000011460002
R12=0x0000000000000000, R13=0x0000000057ef2348, R14=0x00000000000000b3, R15=0x0000000000000055
RIP=0x000000006de287d7, EFLAGS=0x0000000000010283

Top of Stack: (sp=0x0000000057c4b370)
0x0000000057c4b370:   0000000057eedc90 000000006de10e05
0x0000000057c4b380:   0000000057ef2348 000000006dd93c95
0x0000000057c4b390:   000000005dabe898 0000000057eee160
0x0000000057c4b3a0:   00000000607d2760 0000000057eedc90
0x0000000057c4b3b0:   0000000057ef2348 000000006de2a506
0x0000000057c4b3c0:   0000000057c4df90 0000000057ef2240
0x0000000057c4b3d0:   0000000057c4b840 0000000000000009
0x0000000057c4b3e0:   0000000057ef22c0 000000006ddae08a
0x0000000057c4b3f0:   0000000057ef22c0 0000000057ef22c0
0x0000000057c4b400:   0000000057ef2280 0000000057c4b840
0x0000000057c4b410:   000000005dabe898 0000000000000309
0x0000000057c4b420:   0000000057c4df90 0000000057ef1e78
0x0000000057c4b430:   0000000057ef09d0 0000000057eedc90
0x0000000057c4b440:   0000000057c4ea00 0000000057c4df90
0x0000000057c4b450:   0000000057ef2190 0000000057ef21e0
0x0000000057c4b460:   0000000100000000 0000000057ef09d0 

Instructions: (pc=0x000000006de287d7)
0x000000006de287b7:   89 64 24 30 45 33 e4 48 3b 7b 20 49 8b cd 44 0f
0x000000006de287c7:   44 e5 4c 89 7c 24 20 ff 10 41 8b 75 18 44 8b f8
0x000000006de287d7:   39 77 18 75 48 48 8b 17 48 8b cf ff 12 41 3b c7
0x000000006de287e7:   75 3b 33 d2 85 f6 74 24 49 8b 4d 08 4c 8b 47 08 


Register to memory mapping:

RAX=0x000000005dab9b20 is an unknown value
RBX=0x0000000057c4e918 is pointing into the stack for thread: 0x00000000561de000
RCX=0x0000000058d68120 is an unknown value
RDX=0x000000006df75f88 is an unknown value
RSP=0x0000000057c4b370 is pointing into the stack for thread: 0x00000000561de000
RBP=0x0000000000000165 is an unknown value
RSI=0x0000000000000001 is an unknown value
RDI=0x0000000001000000 is an unknown value
R8 =0x0000000000000000 is an unknown value
R9 =0x0000000000000000 is an unknown value
R10=0x0000000057ef2210 is an unknown value
R11=0x0000000011460002 is an unknown value
R12=0x0000000000000000 is an unknown value
R13=0x0000000057ef2348 is an unknown value
R14=0x00000000000000b3 is an unknown value
R15=0x0000000000000055 is an unknown value


Stack: [0x0000000057b50000,0x0000000057c50000],  sp=0x0000000057c4b370,  free space=1004k
Native frames: (J=compiled Java code, j=interpreted, Vv=VM code, C=native code)
V  [jvm.dll+0x4d87d7]
V  [jvm.dll+0x4da506]
V  [jvm.dll+0x45e08a]
V  [jvm.dll+0x46089a]
V  [jvm.dll+0x460a2f]
V  [jvm.dll+0x4d4d4f]
V  [jvm.dll+0x4d57ee]
V  [jvm.dll+0x4d2925]
V  [jvm.dll+0x4cd1f7]
V  [jvm.dll+0x4cd579]
V  [jvm.dll+0x4cdb0f]
V  [jvm.dll+0x425a80]
V  [jvm.dll+0x44a916]
V  [jvm.dll+0x4d46fd]
V  [jvm.dll+0x4cd1f7]
V  [jvm.dll+0x4cd579]
V  [jvm.dll+0x4cdb0f]
V  [jvm.dll+0x425a80]
V  [jvm.dll+0x44a916]
V  [jvm.dll+0x4d46fd]
V  [jvm.dll+0x4cd1f7]
V  [jvm.dll+0x4cd579]
V  [jvm.dll+0x4cdb0f]
V  [jvm.dll+0x425a80]
V  [jvm.dll+0x44a916]
V  [jvm.dll+0x4d46fd]
V  [jvm.dll+0x4cd1f7]
V  [jvm.dll+0x4cd579]
V  [jvm.dll+0x4cdb0f]
V  [jvm.dll+0x425a80]
V  [jvm.dll+0x44a916]
V  [jvm.dll+0x4d46fd]
V  [jvm.dll+0x4cd1f7]
V  [jvm.dll+0x4cd579]
V  [jvm.dll+0x4cdb0f]
V  [jvm.dll+0x425a80]
V  [jvm.dll+0x44a916]
V  [jvm.dll+0x4d46fd]
V  [jvm.dll+0x4cd1f7]
V  [jvm.dll+0x4cd579]
V  [jvm.dll+0x4cdb0f]
V  [jvm.dll+0x425a80]
V  [jvm.dll+0x44a916]
V  [jvm.dll+0x4d46fd]
V  [jvm.dll+0x4cd1f7]
V  [jvm.dll+0x4cd579]
V  [jvm.dll+0x4cdb0f]
V  [jvm.dll+0x425a80]
V  [jvm.dll+0x44a916]
V  [jvm.dll+0x4d46fd]
V  [jvm.dll+0x4cd1f7]
V  [jvm.dll+0x4cd579]
V  [jvm.dll+0x4cdb0f]
V  [jvm.dll+0x425a80]
V  [jvm.dll+0x44a916]
V  [jvm.dll+0x4d46fd]
V  [jvm.dll+0x4cd1f7]
V  [jvm.dll+0x4cd579]
V  [jvm.dll+0x4cdb0f]
V  [jvm.dll+0x425a80]
V  [jvm.dll+0x44a916]
V  [jvm.dll+0x4d46fd]
V  [jvm.dll+0x4cd1f7]
V  [jvm.dll+0x4cd579]
V  [jvm.dll+0x4cdb0f]
V  [jvm.dll+0x425a80]
V  [jvm.dll+0x4417c5]
V  [jvm.dll+0x424b32]
V  [jvm.dll+0x80fa9]
V  [jvm.dll+0x818df]
V  [jvm.dll+0x21d06f]
V  [jvm.dll+0x26d4aa]
C  [msvcr100.dll+0x21d9f]
C  [msvcr100.dll+0x21e3b]
C  [kernel32.dll+0x1f56d]
C  [ntdll.dll+0x33281]


Current CompileTask:
C2:3077091 17848   !   4       java.lang.StringCoding::encode (120 bytes)


---------------  P R O C E S S  ---------------

Java Threads: ( => current thread )
  0x000000005ad57000 JavaThread "build operations Thread 4" [_thread_blocked, id=2752, stack(0x00000000634a0000,0x00000000635a0000)]
  0x000000005ad55000 JavaThread "build operations Thread 3" [_thread_blocked, id=1384, stack(0x00000000633a0000,0x00000000634a0000)]
  0x000000005ad4e000 JavaThread "build operations Thread 2" [_thread_in_native, id=3160, stack(0x000000005b810000,0x000000005b910000)]
  0x000000005ad49800 JavaThread "build operations" [_thread_blocked, id=3096, stack(0x0000000059d40000,0x0000000059e40000)]
  0x000000005ad4c000 JavaThread "Cache worker for Artifact transforms cache (C:\Users\G-112\.gradle\caches\transforms-1)" [_thread_blocked, id=796, stack(0x0000000063210000,0x0000000063310000)]
  0x000000005fbd9000 JavaThread "Cache worker for file hash cache (D:\March\iCosom Social\.gradle\4.1\fileHashes)" [_thread_blocked, id=1992, stack(0x0000000061620000,0x0000000061720000)]
  0x000000005fbd7800 JavaThread "Stdin handler" [_thread_blocked, id=2124, stack(0x000000005e9c0000,0x000000005eac0000)]
  0x000000005fbd2000 JavaThread "Asynchronous log dispatcher for DefaultDaemonConnection: socket connection from /127.0.0.1:49520 to /127.0.0.1:49619" [_thread_blocked, id=756, stack(0x000000005c4c0000,0x000000005c5c0000)]
  0x000000005fbd6000 JavaThread "Daemon worker Thread 3" [_thread_blocked, id=3108, stack(0x000000005bf00000,0x000000005c000000)]
  0x000000005fbd3800 JavaThread "Cancel handler" [_thread_blocked, id=3920, stack(0x000000005bcc0000,0x000000005bdc0000)]
  0x000000005fbd3000 JavaThread "Handler for socket connection from /127.0.0.1:49520 to /127.0.0.1:49619" [_thread_in_native, id=3592, stack(0x000000005b1e0000,0x000000005b2e0000)]
  0x000000005fbd8000 JavaThread "Daemon Thread 3" [_thread_blocked, id=2852, stack(0x000000005b930000,0x000000005ba30000)]
  0x000000005ad51000 JavaThread "Memory manager" [_thread_blocked, id=3756, stack(0x0000000061e80000,0x0000000061f80000)]
  0x0000000059aaf000 JavaThread "File lock request listener" [_thread_in_native, id=1732, stack(0x000000005c0d0000,0x000000005c1d0000)]
  0x0000000059420000 JavaThread "Cache worker for file hash cache (C:\Users\G-112\.gradle\caches\4.1\fileHashes)" [_thread_blocked, id=3064, stack(0x000000005baf0000,0x000000005bbf0000)]
  0x0000000059376800 JavaThread "Daemon periodic checks" [_thread_blocked, id=2844, stack(0x000000005b500000,0x000000005b600000)]
  0x0000000059371800 JavaThread "Incoming local TCP Connector on port 49520" [_thread_in_native, id=4020, stack(0x000000005b2f0000,0x000000005b3f0000)]
  0x0000000057cd3000 JavaThread "Service Thread" daemon [_thread_blocked, id=1132, stack(0x00000000581a0000,0x00000000582a0000)]
  0x00000000561df800 JavaThread "C1 CompilerThread2" daemon [_thread_blocked, id=3556, stack(0x0000000058080000,0x0000000058180000)]
=>0x00000000561de000 JavaThread "C2 CompilerThread1" daemon [_thread_in_native, id=852, stack(0x0000000057b50000,0x0000000057c50000)]
  0x00000000561d6800 JavaThread "C2 CompilerThread0" daemon [_thread_blocked, id=3048, stack(0x0000000057670000,0x0000000057770000)]
  0x00000000561d4000 JavaThread "Attach Listener" daemon [_thread_blocked, id=1512, stack(0x0000000057970000,0x0000000057a70000)]
  0x00000000561d1000 JavaThread "Signal Dispatcher" daemon [_thread_blocked, id=3820, stack(0x00000000577b0000,0x00000000578b0000)]
  0x00000000561b9800 JavaThread "Finalizer" daemon [_thread_blocked, id=720, stack(0x00000000574c0000,0x00000000575c0000)]
  0x0000000056172000 JavaThread "Reference Handler" daemon [_thread_blocked, id=3528, stack(0x0000000057380000,0x0000000057480000)]
  0x000000000205e000 JavaThread "main" [_thread_blocked, id=360, stack(0x00000000021d0000,0x00000000022d0000)]

Other Threads:
  0x0000000056168800 VMThread [stack: 0x0000000057210000,0x0000000057310000] [id=1308]
  0x0000000057cda000 WatcherThread [stack: 0x0000000058460000,0x0000000058560000] [id=2708]

VM state:not at safepoint (normal execution)

VM Mutex/Monitor currently owned by a thread: None

Heap:
 PSYoungGen      total 448000K, used 153481K [0x00000000e0000000, 0x0000000100000000, 0x0000000100000000)
  eden space 371712K, 36% used [0x00000000e0000000,0x00000000e84ab1a0,0x00000000f6b00000)
  from space 76288K, 23% used [0x00000000f6b00000,0x00000000f7c37298,0x00000000fb580000)
  to   space 72704K, 0% used [0x00000000fb900000,0x00000000fb900000,0x0000000100000000)
 ParOldGen       total 256512K, used 61639K [0x00000000a0000000, 0x00000000afa80000, 0x00000000e0000000)
  object space 256512K, 24% used [0x00000000a0000000,0x00000000a3c31f98,0x00000000afa80000)
 Metaspace       used 75962K, capacity 79394K, committed 79704K, reserved 1118208K
  class space    used 9709K, capacity 10514K, committed 10624K, reserved 1048576K

Card table byte_map: [0x0000000011960000,0x0000000011c70000] byte_map_base: 0x0000000011460000

Marking Bits: (ParMarkBitMap*) 0x000000006e113950
 Begin Bits: [0x00000000124e0000, 0x0000000013ce0000)
 End Bits:   [0x0000000013ce0000, 0x00000000154e0000)

Polling page: 0x0000000001b60000

CodeCache: size=245760Kb used=44879Kb max_used=44885Kb free=200880Kb
 bounds [0x00000000025a0000, 0x00000000051c0000, 0x00000000115a0000]
 total_blobs=14469 nmethods=13631 adapters=750
 compilation: enabled

Compilation events (10 events):
Event: 3076.711 Thread 0x00000000561df800 17849   !   3       java.lang.StringCoding$StringEncoder::encode (179 bytes)
Event: 3076.713 Thread 0x00000000561df800 nmethod 17849 0x000000000519ff50 code [0x00000000051a02c0, 0x00000000051a1f68]
Event: 3076.713 Thread 0x00000000561d6800 17850       4       com.google.common.cache.LocalCache::recordsAccess (5 bytes)
Event: 3076.714 Thread 0x00000000561d6800 nmethod 17850 0x0000000002f1ab50 code [0x0000000002f1ac80, 0x0000000002f1acd8]
Event: 3076.720 Thread 0x00000000561df800 17851       3       org.gradle.api.internal.changedetection.state.DefaultFileSystemSnapshotter$4::<init> (20 bytes)
Event: 3076.720 Thread 0x00000000561df800 nmethod 17851 0x0000000004084590 code [0x00000000040846e0, 0x00000000040848d0]
Event: 3076.720 Thread 0x00000000561df800 17852       3       org.gradle.api.internal.changedetection.state.DefaultFileSystemSnapshotter$4::create (5 bytes)
Event: 3076.720 Thread 0x00000000561df800 nmethod 17852 0x00000000032177d0 code [0x0000000003217940, 0x0000000003217ae8]
Event: 3076.724 Thread 0x00000000561df800 17853   !   3       org.gradle.workers.internal.WorkerDaemonClientsManager$LogLevelChangeEventListener::onOutput (61 bytes)
Event: 3076.724 Thread 0x00000000561df800 nmethod 17853 0x0000000004085d10 code [0x0000000004085ea0, 0x00000000040864d0]

GC Heap History (10 events):
Event: 15.548 GC heap before
{Heap before GC invocations=16 (full 4):
 PSYoungGen      total 430080K, used 380416K [0x00000000e0000000, 0x0000000100000000, 0x0000000100000000)
  eden space 380416K, 100% used [0x00000000e0000000,0x00000000f7380000,0x00000000f7380000)
  from space 49664K, 0% used [0x00000000f7380000,0x00000000f7380000,0x00000000fa400000)
  to   space 47616K, 0% used [0x00000000fd180000,0x00000000fd180000,0x0000000100000000)
 ParOldGen       total 192000K, used 42954K [0x00000000a0000000, 0x00000000abb80000, 0x00000000e0000000)
  object space 192000K, 22% used [0x00000000a0000000,0x00000000a29f2820,0x00000000abb80000)
 Metaspace       used 65423K, capacity 67634K, committed 67800K, reserved 1107968K
  class space    used 8434K, capacity 8938K, committed 8960K, reserved 1048576K
Event: 15.574 GC heap after
Heap after GC invocations=16 (full 4):
 PSYoungGen      total 473600K, used 26982K [0x00000000e0000000, 0x00000000fff00000, 0x0000000100000000)
  eden space 427008K, 0% used [0x00000000e0000000,0x00000000e0000000,0x00000000fa100000)
  from space 46592K, 57% used [0x00000000fd180000,0x00000000febd9800,0x00000000fff00000)
  to   space 48128K, 0% used [0x00000000fa100000,0x00000000fa100000,0x00000000fd000000)
 ParOldGen       total 192000K, used 42962K [0x00000000a0000000, 0x00000000abb80000, 0x00000000e0000000)
  object space 192000K, 22% used [0x00000000a0000000,0x00000000a29f4820,0x00000000abb80000)
 Metaspace       used 65423K, capacity 67634K, committed 67800K, reserved 1107968K
  class space    used 8434K, capacity 8938K, committed 8960K, reserved 1048576K
}
Event: 109.837 GC heap before
{Heap before GC invocations=17 (full 4):
 PSYoungGen      total 473600K, used 453990K [0x00000000e0000000, 0x00000000fff00000, 0x0000000100000000)
  eden space 427008K, 100% used [0x00000000e0000000,0x00000000fa100000,0x00000000fa100000)
  from space 46592K, 57% used [0x00000000fd180000,0x00000000febd9800,0x00000000fff00000)
  to   space 48128K, 0% used [0x00000000fa100000,0x00000000fa100000,0x00000000fd000000)
 ParOldGen       total 192000K, used 42962K [0x00000000a0000000, 0x00000000abb80000, 0x00000000e0000000)
  object space 192000K, 22% used [0x00000000a0000000,0x00000000a29f4820,0x00000000abb80000)
 Metaspace       used 71893K, capacity 74690K, committed 74840K, reserved 1114112K
  class space    used 9136K, capacity 9764K, committed 9856K, reserved 1048576K
Event: 109.916 GC heap after
Heap after GC invocations=17 (full 4):
 PSYoungGen      total 475136K, used 48119K [0x00000000e0000000, 0x0000000100000000, 0x0000000100000000)
  eden space 427008K, 0% used [0x00000000e0000000,0x00000000e0000000,0x00000000fa100000)
  from space 48128K, 99% used [0x00000000fa100000,0x00000000fcffdde0,0x00000000fd000000)
  to   space 49152K, 0% used [0x00000000fd000000,0x00000000fd000000,0x0000000100000000)
 ParOldGen       total 192000K, used 104038K [0x00000000a0000000, 0x00000000abb80000, 0x00000000e0000000)
  object space 192000K, 54% used [0x00000000a0000000,0x00000000a65998a8,0x00000000abb80000)
 Metaspace       used 71893K, capacity 74690K, committed 74840K, reserved 1114112K
  class space    used 9136K, capacity 9764K, committed 9856K, reserved 1048576K
}
Event: 112.818 GC heap before
{Heap before GC invocations=18 (full 4):
 PSYoungGen      total 475136K, used 475127K [0x00000000e0000000, 0x0000000100000000, 0x0000000100000000)
  eden space 427008K, 100% used [0x00000000e0000000,0x00000000fa100000,0x00000000fa100000)
  from space 48128K, 99% used [0x00000000fa100000,0x00000000fcffdde0,0x00000000fd000000)
  to   space 49152K, 0% used [0x00000000fd000000,0x00000000fd000000,0x0000000100000000)
 ParOldGen       total 192000K, used 104038K [0x00000000a0000000, 0x00000000abb80000, 0x00000000e0000000)
  object space 192000K, 54% used [0x00000000a0000000,0x00000000a65998a8,0x00000000abb80000)
 Metaspace       used 71918K, capacity 74690K, committed 74840K, reserved 1114112K
  class space    used 9136K, capacity 9764K, committed 9856K, reserved 1048576K
Event: 112.880 GC heap after
Heap after GC invocations=18 (full 4):
 PSYoungGen      total 420864K, used 12894K [0x00000000e0000000, 0x0000000100000000, 0x0000000100000000)
  eden space 371712K, 0% used [0x00000000e0000000,0x00000000e0000000,0x00000000f6b00000)
  from space 49152K, 26% used [0x00000000fd000000,0x00000000fdc97ae8,0x0000000100000000)
  to   space 76288K, 0% used [0x00000000f6b00000,0x00000000f6b00000,0x00000000fb580000)
 ParOldGen       total 192000K, used 140819K [0x00000000a0000000, 0x00000000abb80000, 0x00000000e0000000)
  object space 192000K, 73% used [0x00000000a0000000,0x00000000a8984e28,0x00000000abb80000)
 Metaspace       used 71918K, capacity 74690K, committed 74840K, reserved 1114112K
  class space    used 9136K, capacity 9764K, committed 9856K, reserved 1048576K
}
Event: 112.880 GC heap before
{Heap before GC invocations=19 (full 5):
 PSYoungGen      total 420864K, used 12894K [0x00000000e0000000, 0x0000000100000000, 0x0000000100000000)
  eden space 371712K, 0% used [0x00000000e0000000,0x00000000e0000000,0x00000000f6b00000)
  from space 49152K, 26% used [0x00000000fd000000,0x00000000fdc97ae8,0x0000000100000000)
  to   space 76288K, 0% used [0x00000000f6b00000,0x00000000f6b00000,0x00000000fb580000)
 ParOldGen       total 192000K, used 140819K [0x00000000a0000000, 0x00000000abb80000, 0x00000000e0000000)
  object space 192000K, 73% used [0x00000000a0000000,0x00000000a8984e28,0x00000000abb80000)
 Metaspace       used 71918K, capacity 74690K, committed 74840K, reserved 1114112K
  class space    used 9136K, capacity 9764K, committed 9856K, reserved 1048576K
Event: 113.088 GC heap after
Heap after GC invocations=19 (full 5):
 PSYoungGen      total 420864K, used 0K [0x00000000e0000000, 0x0000000100000000, 0x0000000100000000)
  eden space 371712K, 0% used [0x00000000e0000000,0x00000000e0000000,0x00000000f6b00000)
  from space 49152K, 0% used [0x00000000fd000000,0x00000000fd000000,0x0000000100000000)
  to   space 76288K, 0% used [0x00000000f6b00000,0x00000000f6b00000,0x00000000fb580000)
 ParOldGen       total 256512K, used 61631K [0x00000000a0000000, 0x00000000afa80000, 0x00000000e0000000)
  object space 256512K, 24% used [0x00000000a0000000,0x00000000a3c2ff98,0x00000000afa80000)
 Metaspace       used 71629K, capacity 74262K, committed 74840K, reserved 1114112K
  class space    used 9105K, capacity 9710K, committed 9856K, reserved 1048576K
}
Event: 3073.611 GC heap before
{Heap before GC invocations=20 (full 5):
 PSYoungGen      total 420864K, used 371712K [0x00000000e0000000, 0x0000000100000000, 0x0000000100000000)
  eden space 371712K, 100% used [0x00000000e0000000,0x00000000f6b00000,0x00000000f6b00000)
  from space 49152K, 0% used [0x00000000fd000000,0x00000000fd000000,0x0000000100000000)
  to   space 76288K, 0% used [0x00000000f6b00000,0x00000000f6b00000,0x00000000fb580000)
 ParOldGen       total 256512K, used 61631K [0x00000000a0000000, 0x00000000afa80000, 0x00000000e0000000)
  object space 256512K, 24% used [0x00000000a0000000,0x00000000a3c2ff98,0x00000000afa80000)
 Metaspace       used 74714K, capacity 77894K, committed 78040K, reserved 1118208K
  class space    used 9470K, capacity 10208K, committed 10240K, reserved 1048576K
Event: 3073.639 GC heap after
Heap after GC invocations=20 (full 5):
 PSYoungGen      total 448000K, used 17628K [0x00000000e0000000, 0x0000000100000000, 0x0000000100000000)
  eden space 371712K, 0% used [0x00000000e0000000,0x00000000e0000000,0x00000000f6b00000)
  from space 76288K, 23% used [0x00000000f6b00000,0x00000000f7c37298,0x00000000fb580000)
  to   space 72704K, 0% used [0x00000000fb900000,0x00000000fb900000,0x0000000100000000)
 ParOldGen       total 256512K, used 61639K [0x00000000a0000000, 0x00000000afa80000, 0x00000000e0000000)
  object space 256512K, 24% used [0x00000000a0000000,0x00000000a3c31f98,0x00000000afa80000)
 Metaspace       used 74714K, capacity 77894K, committed 78040K, reserved 1118208K
  class space    used 9470K, capacity 10208K, committed 10240K, reserved 1048576K
}

Deoptimization events (10 events):
Event: 3073.683 Thread 0x000000005fbd6000 Uncommon trap: reason=class_check action=maybe_recompile pc=0x0000000004aa33c8 method=org.codehaus.groovy.reflection.CachedMethod.compareTo(Ljava/lang/Object;)I @ 1
Event: 3073.683 Thread 0x000000005fbd6000 Uncommon trap: reason=class_check action=maybe_recompile pc=0x0000000004aa33c8 method=org.codehaus.groovy.reflection.CachedMethod.compareTo(Ljava/lang/Object;)I @ 1
Event: 3073.683 Thread 0x000000005fbd6000 Uncommon trap: reason=class_check action=maybe_recompile pc=0x0000000004aa33c8 method=org.codehaus.groovy.reflection.CachedMethod.compareTo(Ljava/lang/Object;)I @ 1
Event: 3073.683 Thread 0x000000005fbd6000 Uncommon trap: reason=class_check action=maybe_recompile pc=0x0000000004aa33c8 method=org.codehaus.groovy.reflection.CachedMethod.compareTo(Ljava/lang/Object;)I @ 1
Event: 3074.938 Thread 0x000000005fbd6000 Uncommon trap: reason=unstable_if action=reinterpret pc=0x0000000005043760 method=java.lang.reflect.Executable.sharedToGenericString(IZ)Ljava/lang/String; @ 65
Event: 3074.956 Thread 0x000000005fbd6000 Uncommon trap: reason=unstable_if action=reinterpret pc=0x00000000050c7844 method=groovy.lang.MetaClassImpl.filterPropertyMethod(Ljava/lang/Object;ZZ)Ljava/lang/Object; @ 153
Event: 3075.060 Thread 0x000000005fbd6000 Uncommon trap: reason=unstable_if action=reinterpret pc=0x000000000492ced8 method=org.apache.ivy.core.IvyPatternHelper.substituteTokens(Ljava/lang/String;Ljava/util/Map;)Ljava/lang/String; @ 438
Event: 3075.125 Thread 0x000000005fbd6000 Uncommon trap: reason=unstable_if action=reinterpret pc=0x0000000004bf208c method=groovy.lang.MetaClassImpl.checkIfStdMethod(Lgroovy/lang/MetaMethod;)V @ 118
Event: 3075.185 Thread 0x000000005fbd6000 Uncommon trap: reason=unstable_if action=reinterpret pc=0x000000000383051c method=com.google.common.cache.LocalCache$Segment.recordWrite(Lcom/google/common/cache/LocalCache$ReferenceEntry;IJ)V @ 21
Event: 3075.205 Thread 0x000000005fbd6000 Uncommon trap: reason=unstable_if action=reinterpret pc=0x000000000511e1cc method=org.codehaus.groovy.runtime.metaclass.MetaMethodIndex.getMethods(Ljava/lang/Class;Ljava/lang/String;)Lorg/codehaus/groovy/runtime/metaclass/MetaMethodIndex$Entry; @ 61

Classes redefined (0 events):
No events

Internal exceptions (10 events):
Event: 3075.212 Thread 0x000000005fbd6000 Exception <a 'java/lang/ClassNotFoundException': com/google/common/collect/AbstractMapBasedMultimap$RandomAccessWrappedListBeanInfo> (0x00000000e71159e8) thrown at [D:\src\AOSP-openjdk-cygwin\jdk8u\hotspot\src\share\vm\classfile\systemDictionary.cpp, line
Event: 3075.212 Thread 0x000000005fbd6000 Exception <a 'java/lang/ClassNotFoundException': com/google/common/collect/AbstractMapBasedMultimap$WrappedListBeanInfo> (0x00000000e7125150) thrown at [D:\src\AOSP-openjdk-cygwin\jdk8u\hotspot\src\share\vm\classfile\systemDictionary.cpp, line 210]
Event: 3075.213 Thread 0x000000005fbd6000 Exception <a 'java/lang/ClassNotFoundException': com/google/common/collect/AbstractMapBasedMultimap$WrappedCollectionBeanInfo> (0x00000000e7135e60) thrown at [D:\src\AOSP-openjdk-cygwin\jdk8u\hotspot\src\share\vm\classfile\systemDictionary.cpp, line 210]
Event: 3075.213 Thread 0x000000005fbd6000 Exception <a 'java/lang/ClassNotFoundException': com/google/common/collect/AbstractMapBasedMultimap$WrappedCollectionCustomizer> (0x00000000e7146c20) thrown at [D:\src\AOSP-openjdk-cygwin\jdk8u\hotspot\src\share\vm\classfile\systemDictionary.cpp, line 210
Event: 3075.214 Thread 0x000000005fbd6000 Exception <a 'java/lang/ClassNotFoundException': com/google/common/collect/AbstractMapBasedMultimap$WrappedListCustomizer> (0x00000000e716d308) thrown at [D:\src\AOSP-openjdk-cygwin\jdk8u\hotspot\src\share\vm\classfile\systemDictionary.cpp, line 210]
Event: 3075.215 Thread 0x000000005fbd6000 Exception <a 'java/lang/ClassNotFoundException': com/google/common/collect/AbstractMapBasedMultimap$RandomAccessWrappedListCustomizer> (0x00000000e71904c8) thrown at [D:\src\AOSP-openjdk-cygwin\jdk8u\hotspot\src\share\vm\classfile\systemDictionary.cpp, li
Event: 3075.226 Thread 0x000000005fbd6000 Exception <a 'java/lang/ClassNotFoundException': org/jetbrains/plugins/gradle/model/DefaultExternalLibraryDependencyBeanInfo> (0x00000000e7207520) thrown at [D:\src\AOSP-openjdk-cygwin\jdk8u\hotspot\src\share\vm\classfile\systemDictionary.cpp, line 210]
Event: 3075.227 Thread 0x000000005fbd6000 Exception <a 'java/lang/ClassNotFoundException': org/jetbrains/plugins/gradle/model/AbstractExternalDependencyBeanInfo> (0x00000000e72177e0) thrown at [D:\src\AOSP-openjdk-cygwin\jdk8u\hotspot\src\share\vm\classfile\systemDictionary.cpp, line 210]
Event: 3075.230 Thread 0x000000005fbd6000 Exception <a 'java/lang/ClassNotFoundException': org/jetbrains/plugins/gradle/model/AbstractExternalDependencyCustomizer> (0x00000000e7227ca8) thrown at [D:\src\AOSP-openjdk-cygwin\jdk8u\hotspot\src\share\vm\classfile\systemDictionary.cpp, line 210]
Event: 3075.230 Thread 0x000000005fbd6000 Exception <a 'java/lang/ClassNotFoundException': org/jetbrains/plugins/gradle/model/DefaultExternalLibraryDependencyCustomizer> (0x00000000e7255470) thrown at [D:\src\AOSP-openjdk-cygwin\jdk8u\hotspot\src\share\vm\classfile\systemDictionary.cpp, line 210]

Events (10 events):
Event: 3075.745 Thread 0x000000005fbd6000 DEOPT PACKING pc=0x00000000051875e8 sp=0x000000005bffb110
Event: 3075.745 Thread 0x000000005fbd6000 DEOPT UNPACKING pc=0x00000000025e71bf sp=0x000000005bffb008 mode 0
Event: 3075.750 Thread 0x000000005fbd6000 DEOPT PACKING pc=0x00000000051875e8 sp=0x000000005bffb110
Event: 3075.750 Thread 0x000000005fbd6000 DEOPT UNPACKING pc=0x00000000025e71bf sp=0x000000005bffb008 mode 0
Event: 3075.758 Thread 0x000000005fbd6000 DEOPT PACKING pc=0x00000000051875e8 sp=0x000000005bffa7d0
Event: 3075.758 Thread 0x000000005fbd6000 DEOPT UNPACKING pc=0x00000000025e71bf sp=0x000000005bffa6c8 mode 0
Event: 3075.808 Thread 0x000000005fbd6000 DEOPT PACKING pc=0x00000000051875e8 sp=0x000000005bffb110
Event: 3075.808 Thread 0x000000005fbd6000 DEOPT UNPACKING pc=0x00000000025e71bf sp=0x000000005bffb008 mode 0
Event: 3076.607 Executing VM operation: RevokeBias
Event: 3076.607 Executing VM operation: RevokeBias done


Dynamic libraries:
0x000000013fce0000 - 0x000000013fd11000 	D:\Android\Android Studio\jre\bin\java.exe
0x0000000076d00000 - 0x0000000076eab000 	C:\Windows\SYSTEM32\ntdll.dll
0x0000000076ae0000 - 0x0000000076bff000 	C:\Windows\system32\kernel32.dll
0x000007fefcd50000 - 0x000007fefcdbb000 	C:\Windows\system32\KERNELBASE.dll
0x000007fefd860000 - 0x000007fefd93b000 	C:\Windows\system32\ADVAPI32.dll
0x000007fefdcd0000 - 0x000007fefdd6f000 	C:\Windows\system32\msvcrt.dll
0x000007fefd2d0000 - 0x000007fefd2ef000 	C:\Windows\SYSTEM32\sechost.dll
0x000007fefd940000 - 0x000007fefda6e000 	C:\Windows\system32\RPCRT4.dll
0x0000000076c00000 - 0x0000000076cfa000 	C:\Windows\system32\USER32.dll
0x000007fefe090000 - 0x000007fefe0f7000 	C:\Windows\system32\GDI32.dll
0x000007fefe100000 - 0x000007fefe10e000 	C:\Windows\system32\LPK.dll
0x000007fefe110000 - 0x000007fefe1da000 	C:\Windows\system32\USP10.dll
0x000007fefb240000 - 0x000007fefb434000 	C:\Windows\WinSxS\amd64_microsoft.windows.common-controls_6595b64144ccf1df_6.0.7600.16385_none_fa645303170382f6\COMCTL32.dll
0x000007fefd5a0000 - 0x000007fefd611000 	C:\Windows\system32\SHLWAPI.dll
0x000007fefd830000 - 0x000007fefd85e000 	C:\Windows\system32\IMM32.DLL
0x000007fefdba0000 - 0x000007fefdca9000 	C:\Windows\system32\MSCTF.dll
0x00000000728b0000 - 0x0000000072982000 	D:\Android\Android Studio\jre\jre\bin\msvcr100.dll
0x000000006d950000 - 0x000000006e18e000 	D:\Android\Android Studio\jre\jre\bin\server\jvm.dll
0x000007fef3aa0000 - 0x000007fef3aa9000 	C:\Windows\system32\WSOCK32.dll
0x000007fefe040000 - 0x000007fefe08d000 	C:\Windows\system32\WS2_32.dll
0x000007fefdd70000 - 0x000007fefdd78000 	C:\Windows\system32\NSI.dll
0x000007fef9a10000 - 0x000007fef9a4b000 	C:\Windows\system32\WINMM.dll
0x000007fefbd00000 - 0x000007fefbd0c000 	C:\Windows\system32\VERSION.dll
0x0000000076ed0000 - 0x0000000076ed7000 	C:\Windows\system32\PSAPI.DLL
0x000007fef08d0000 - 0x000007fef08df000 	D:\Android\Android Studio\jre\jre\bin\verify.dll
0x000007fef08a0000 - 0x000007fef08c9000 	D:\Android\Android Studio\jre\jre\bin\java.dll
0x000007fef0880000 - 0x000007fef0896000 	D:\Android\Android Studio\jre\jre\bin\zip.dll
0x000007fefe1e0000 - 0x000007fefef66000 	C:\Windows\system32\SHELL32.dll
0x000007fefd620000 - 0x000007fefd821000 	C:\Windows\system32\ole32.dll
0x000007fefcc60000 - 0x000007fefcc6f000 	C:\Windows\system32\profapi.dll
0x000007fef0860000 - 0x000007fef087a000 	D:\Android\Android Studio\jre\jre\bin\net.dll
0x000007fefc490000 - 0x000007fefc4e4000 	C:\Windows\system32\mswsock.dll
0x000007fefc480000 - 0x000007fefc487000 	C:\Windows\System32\wship6.dll
0x000007fef0840000 - 0x000007fef0851000 	D:\Android\Android Studio\jre\jre\bin\nio.dll
0x000007fee50c0000 - 0x000007fee50de000 	C:\Users\G-112\.gradle\native\25\windows-amd64\native-platform.dll
0x000007fef08e0000 - 0x000007fef08ed000 	D:\Android\Android Studio\jre\jre\bin\management.dll
0x000007fefc4f0000 - 0x000007fefc507000 	C:\Windows\system32\CRYPTSP.dll
0x000007fefc1f0000 - 0x000007fefc237000 	C:\Windows\system32\rsaenh.dll
0x000007fefbfb0000 - 0x000007fefbfce000 	C:\Windows\system32\USERENV.dll
0x000007fefcb90000 - 0x000007fefcb9f000 	C:\Windows\system32\CRYPTBASE.dll
0x000007fefa740000 - 0x000007fefa767000 	C:\Windows\system32\IPHLPAPI.DLL
0x000007fefa700000 - 0x000007fefa70b000 	C:\Windows\system32\WINNSI.DLL
0x000007fefa600000 - 0x000007fefa618000 	C:\Windows\system32\dhcpcsvc.DLL
0x000007fef9d10000 - 0x000007fef9d21000 	C:\Windows\system32\dhcpcsvc6.DLL
0x000007fefcb30000 - 0x000007fefcb87000 	C:\Windows\system32\apphelp.dll
0x000007feeccd0000 - 0x000007feecdf5000 	C:\Windows\system32\dbghelp.dll

VM Arguments:
jvm_args: -Xmx1536m -Dfile.encoding=windows-1252 -Duser.country=IN -Duser.language=en -Duser.variant 
java_command: org.gradle.launcher.daemon.bootstrap.GradleDaemon 4.1
java_class_path (initial): C:\Users\G-112\.gradle\wrapper\dists\gradle-4.1-all\bzyivzo6n839fup2jbap0tjew\gradle-4.1\lib\gradle-launcher-4.1.jar
Launcher Type: SUN_STANDARD

Environment Variables:
PATH=C:\Windows\system32;C:\Windows;C:\Windows\System32\Wbem;C:\Windows\System32\WindowsPowerShell\v1.0\;C:\nodejs\;C:\Program Files\PuTTY\;C:\Users\G-112\AppData\Roaming\npm
USERNAME=G-112
OS=Windows_NT
PROCESSOR_IDENTIFIER=Intel64 Family 6 Model 158 Stepping 9, GenuineIntel



---------------  S Y S T E M  ---------------

OS: Windows 7 , 64 bit Build 7600 (6.1.7600.16385)

CPU:total 4 (initial active 4) (2 cores per cpu, 2 threads per core) family 6 model 158 stepping 9, cmov, cx8, fxsr, mmx, sse, sse2, sse3, ssse3, sse4.1, sse4.2, popcnt, aes, clmul, erms, 3dnowpref, lzcnt, ht, tsc, tscinvbit, bmi1, bmi2, adx

Memory: 4k page, physical 8351876k(3042048k free), swap 16701856k(9304244k free)

vm_info: OpenJDK 64-Bit Server VM (25.152-b01) for windows-amd64 JRE (1.8.0_152-release-915-b01), built by "builder" with MS VC++ 10.0 (VS2010)

time: Thu Mar 22 14:38:52 2018
elapsed time: 3076 seconds (0d 0h 51m 16s)

